[debug] [2026-07-09T17:07:50.296Z] ----------------------------------------------------------------------
[debug] [2026-07-09T17:07:50.300Z] Command:       /nix/store/h4apbnz8p5fmjwcmzlaxcjm5vr70d97x-nodejs-slim-24.13.0/bin/node /home/lucas/.npm-global/bin/firebase init
[debug] [2026-07-09T17:07:50.300Z] CLI Version:   15.22.4
[debug] [2026-07-09T17:07:50.301Z] Platform:      linux
[debug] [2026-07-09T17:07:50.301Z] Node Version:  v24.13.0
[debug] [2026-07-09T17:07:50.301Z] Detected Agent: unknown
[debug] [2026-07-09T17:07:50.301Z] Time:          Thu Jul 09 2026 14:07:50 GMT-0300 (Brasilia Standard Time)
[debug] [2026-07-09T17:07:50.301Z] ----------------------------------------------------------------------
[debug] 
[info] 
     ######## #### ########  ######## ########     ###     ######  ########
     ##        ##  ##     ## ##       ##     ##  ##   ##  ##       ##
     ######    ##  ########  ######   ########  #########  ######  ######
     ##        ##  ##    ##  ##       ##     ## ##     ##       ## ##
     ##       #### ##     ## ######## ########  ##     ##  ######  ########

You're about to initialize a Firebase project in this directory:

  /home/lucas/dev/web/carona-app

[info] 
=== Project Setup
[info] 
[info] First, let's associate this project directory with a Firebase project.
[info] You can create multiple project aliases by running firebase use --add, 
[info] 
[debug] [2026-07-09T17:13:16.042Z] > command requires scopes: ["email","openid","https://www.googleapis.com/auth/cloudplatformprojects.readonly","https://www.googleapis.com/auth/firebase","https://www.googleapis.com/auth/cloud-platform"]
[debug] [2026-07-09T17:13:16.043Z] > authorizing via signed-in user (lucascamelo03@gmail.com)
[debug] [2026-07-09T17:13:16.045Z] Checked if tokens are valid: true, expires at: 1783620460943
[debug] [2026-07-09T17:13:16.045Z] Checked if tokens are valid: true, expires at: 1783620460943
[debug] [2026-07-09T17:13:16.047Z] >>> [apiv2][query] GET https://firebase.googleapis.com/v1beta1/projects pageSize=100
[debug] [2026-07-09T17:13:16.789Z] <<< [apiv2][status] GET https://firebase.googleapis.com/v1beta1/projects 200
[debug] [2026-07-09T17:13:16.790Z] <<< [apiv2][body] GET https://firebase.googleapis.com/v1beta1/projects [omitted]
[info] 
=== Firestore Setup
[info] i  firestore: ensuring required API firestore.googleapis.com is enabled... 
[debug] [2026-07-09T17:13:19.889Z] Checked if tokens are valid: true, expires at: 1783620460943
[debug] [2026-07-09T17:13:19.889Z] Checked if tokens are valid: true, expires at: 1783620460943
[debug] [2026-07-09T17:13:19.889Z] >>> [apiv2][query] GET https://serviceusage.googleapis.com/v1/projects/carona-app-4e8f6/services/firestore.googleapis.com [none]
[debug] [2026-07-09T17:13:19.889Z] >>> [apiv2][(partial)header] GET https://serviceusage.googleapis.com/v1/projects/carona-app-4e8f6/services/firestore.googleapis.com  x-goog-user-project=carona-app-4e8f6
[debug] [2026-07-09T17:13:21.058Z] <<< [apiv2][status] GET https://serviceusage.googleapis.com/v1/projects/carona-app-4e8f6/services/firestore.googleapis.com 200
[debug] [2026-07-09T17:13:21.058Z] <<< [apiv2][body] GET https://serviceusage.googleapis.com/v1/projects/carona-app-4e8f6/services/firestore.googleapis.com [omitted]
[warn] ⚠  firestore: missing required API firestore.googleapis.com. Enabling now... 
[debug] [2026-07-09T17:13:21.059Z] Checked if tokens are valid: true, expires at: 1783620460943
[debug] [2026-07-09T17:13:21.059Z] Checked if tokens are valid: true, expires at: 1783620460943
[debug] [2026-07-09T17:13:21.059Z] >>> [apiv2][query] POST https://serviceusage.googleapis.com/v1/projects/carona-app-4e8f6/services/firestore.googleapis.com:enable [none]
[debug] [2026-07-09T17:13:21.059Z] >>> [apiv2][(partial)header] POST https://serviceusage.googleapis.com/v1/projects/carona-app-4e8f6/services/firestore.googleapis.com:enable  x-goog-user-project=carona-app-4e8f6
[debug] [2026-07-09T17:13:22.475Z] <<< [apiv2][status] POST https://serviceusage.googleapis.com/v1/projects/carona-app-4e8f6/services/firestore.googleapis.com:enable 200
[debug] [2026-07-09T17:13:22.475Z] <<< [apiv2][body] POST https://serviceusage.googleapis.com/v1/projects/carona-app-4e8f6/services/firestore.googleapis.com:enable [omitted]
[debug] [2026-07-09T17:13:32.487Z] Checked if tokens are valid: true, expires at: 1783620460943
[debug] [2026-07-09T17:13:32.487Z] Checked if tokens are valid: true, expires at: 1783620460943
[debug] [2026-07-09T17:13:32.488Z] >>> [apiv2][query] GET https://firestore.googleapis.com/v1/projects/carona-app-4e8f6/databases [none]
[debug] [2026-07-09T17:13:33.128Z] <<< [apiv2][status] GET https://firestore.googleapis.com/v1/projects/carona-app-4e8f6/databases 200
[debug] [2026-07-09T17:13:33.129Z] <<< [apiv2][body] GET https://firestore.googleapis.com/v1/projects/carona-app-4e8f6/databases {}
[debug] [2026-07-09T17:13:33.129Z] Checked if tokens are valid: true, expires at: 1783620460943
[debug] [2026-07-09T17:13:33.129Z] Checked if tokens are valid: true, expires at: 1783620460943
[debug] [2026-07-09T17:13:33.129Z] >>> [apiv2][query] GET https://firestore.googleapis.com/v1/projects/carona-app-4e8f6/locations [none]
[debug] [2026-07-09T17:13:33.425Z] <<< [apiv2][status] GET https://firestore.googleapis.com/v1/projects/carona-app-4e8f6/locations 200
[debug] [2026-07-09T17:13:33.425Z] <<< [apiv2][body] GET https://firestore.googleapis.com/v1/projects/carona-app-4e8f6/locations {"locations":[{"name":"projects/carona-app-4e8f6/locations/eur3","labels":{"appengine.googleapis.com/geo":"europe-west","cloud.googleapis.com/location":"eur3","cloud.googleapis.com/geo":"eur3"},"metadata":{"@type":"type.googleapis.com/google.firestore.admin.v1.LocationMetadata"},"locationId":"eur3","displayName":"Europe"},{"name":"projects/carona-app-4e8f6/locations/nam5","labels":{"appengine.googleapis.com/geo":"us-central","cloud.googleapis.com/location":"nam5","cloud.googleapis.com/geo":"nam5"},"metadata":{"@type":"type.googleapis.com/google.firestore.admin.v1.LocationMetadata"},"locationId":"nam5","displayName":"United States"},{"name":"projects/carona-app-4e8f6/locations/nam7","labels":{"cloud.googleapis.com/location":"nam7","cloud.googleapis.com/geo":"nam7"},"metadata":{"@type":"type.googleapis.com/google.firestore.admin.v1.LocationMetadata"},"locationId":"nam7","displayName":"United States"},{"name":"projects/carona-app-4e8f6/locations/africa-south1","labels":{"cloud.googleapis.com/location":"africa-south1","cloud.googleapis.com/region":"africa-south1"},"metadata":{"@type":"type.googleapis.com/google.firestore.admin.v1.LocationMetadata"},"locationId":"africa-south1","displayName":"Johannesburg"},{"name":"projects/carona-app-4e8f6/locations/asia-east1","labels":{"appengine.googleapis.com/region":"asia-east1","cloud.googleapis.com/location":"asia-east1","cloud.googleapis.com/region":"asia-east1"},"metadata":{"@type":"type.googleapis.com/google.firestore.admin.v1.LocationMetadata"},"locationId":"asia-east1","displayName":"Taiwan"},{"name":"projects/carona-app-4e8f6/locations/asia-east2","labels":{"appengine.googleapis.com/region":"asia-east2","cloud.googleapis.com/location":"asia-east2","cloud.googleapis.com/region":"asia-east2"},"metadata":{"@type":"type.googleapis.com/google.firestore.admin.v1.LocationMetadata"},"locationId":"asia-east2","displayName":"Hong Kong"},{"name":"projects/carona-app-4e8f6/locations/asia-northeast1","labels":{"appengine.googleapis.com/region":"asia-northeast1","cloud.googleapis.com/location":"asia-northeast1","cloud.googleapis.com/region":"asia-northeast1"},"metadata":{"@type":"type.googleapis.com/google.firestore.admin.v1.LocationMetadata"},"locationId":"asia-northeast1","displayName":"Tokyo"},{"name":"projects/carona-app-4e8f6/locations/asia-northeast2","labels":{"appengine.googleapis.com/region":"asia-northeast2","cloud.googleapis.com/location":"asia-northeast2","cloud.googleapis.com/region":"asia-northeast2"},"metadata":{"@type":"type.googleapis.com/google.firestore.admin.v1.LocationMetadata"},"locationId":"asia-northeast2","displayName":"Osaka"},{"name":"projects/carona-app-4e8f6/locations/asia-northeast3","labels":{"appengine.googleapis.com/region":"asia-northeast3","cloud.googleapis.com/location":"asia-northeast3","cloud.googleapis.com/region":"asia-northeast3"},"metadata":{"@type":"type.googleapis.com/google.firestore.admin.v1.LocationMetadata"},"locationId":"asia-northeast3","displayName":"Seoul"},{"name":"projects/carona-app-4e8f6/locations/asia-south1","labels":{"appengine.googleapis.com/region":"asia-south1","cloud.googleapis.com/location":"asia-south1","cloud.googleapis.com/region":"asia-south1"},"metadata":{"@type":"type.googleapis.com/google.firestore.admin.v1.LocationMetadata"},"locationId":"asia-south1","displayName":"Mumbai"},{"name":"projects/carona-app-4e8f6/locations/asia-south2","labels":{"cloud.googleapis.com/location":"asia-south2","cloud.googleapis.com/region":"asia-south2"},"metadata":{"@type":"type.googleapis.com/google.firestore.admin.v1.LocationMetadata"},"locationId":"asia-south2","displayName":"Delhi"},{"name":"projects/carona-app-4e8f6/locations/asia-southeast1","labels":{"appengine.googleapis.com/region":"asia-southeast1","cloud.googleapis.com/location":"asia-southeast1","cloud.googleapis.com/region":"asia-southeast1"},"metadata":{"@type":"type.googleapis.com/google.firestore.admin.v1.LocationMetadata"},"locationId":"asia-southeast1","displayName":"Singapore"},{"name":"projects/carona-app-4e8f6/locations/asia-southeast2","labels":{"appengine.googleapis.com/region":"asia-southeast2","cloud.googleapis.com/location":"asia-southeast2","cloud.googleapis.com/region":"asia-southeast2"},"metadata":{"@type":"type.googleapis.com/google.firestore.admin.v1.LocationMetadata"},"locationId":"asia-southeast2","displayName":"Jakarta"},{"name":"projects/carona-app-4e8f6/locations/asia-southeast3","labels":{"cloud.googleapis.com/location":"asia-southeast3","cloud.googleapis.com/region":"asia-southeast3"},"metadata":{"@type":"type.googleapis.com/google.firestore.admin.v1.LocationMetadata"},"locationId":"asia-southeast3","displayName":"Bangkok"},{"name":"projects/carona-app-4e8f6/locations/australia-southeast1","labels":{"appengine.googleapis.com/region":"australia-southeast1","cloud.googleapis.com/location":"australia-southeast1","cloud.googleapis.com/region":"australia-southeast1"},"metadata":{"@type":"type.googleapis.com/google.firestore.admin.v1.LocationMetadata"},"locationId":"australia-southeast1","displayName":"Sydney"},{"name":"projects/carona-app-4e8f6/locations/australia-southeast2","labels":{"cloud.googleapis.com/location":"australia-southeast2","cloud.googleapis.com/region":"australia-southeast2"},"metadata":{"@type":"type.googleapis.com/google.firestore.admin.v1.LocationMetadata"},"locationId":"australia-southeast2","displayName":"Melbourne"},{"name":"projects/carona-app-4e8f6/locations/europe-central2","labels":{"appengine.googleapis.com/region":"europe-central2","cloud.googleapis.com/location":"europe-central2","cloud.googleapis.com/region":"europe-central2"},"metadata":{"@type":"type.googleapis.com/google.firestore.admin.v1.LocationMetadata"},"locationId":"europe-central2","displayName":"Warsaw"},{"name":"projects/carona-app-4e8f6/locations/europe-north1","labels":{"cloud.googleapis.com/location":"europe-north1","cloud.googleapis.com/region":"europe-north1"},"metadata":{"@type":"type.googleapis.com/google.firestore.admin.v1.LocationMetadata"},"locationId":"europe-north1","displayName":"Finland"},{"name":"projects/carona-app-4e8f6/locations/europe-north2","labels":{"cloud.googleapis.com/location":"europe-north2","cloud.googleapis.com/region":"europe-north2"},"metadata":{"@type":"type.googleapis.com/google.firestore.admin.v1.LocationMetadata"},"locationId":"europe-north2","displayName":"Stockholm"},{"name":"projects/carona-app-4e8f6/locations/europe-southwest1","labels":{"cloud.googleapis.com/location":"europe-southwest1","cloud.googleapis.com/region":"europe-southwest1"},"metadata":{"@type":"type.googleapis.com/google.firestore.admin.v1.LocationMetadata"},"locationId":"europe-southwest1","displayName":"Madrid"},{"name":"projects/carona-app-4e8f6/locations/europe-west1","labels":{"cloud.googleapis.com/location":"europe-west1","cloud.googleapis.com/region":"europe-west1"},"metadata":{"@type":"type.googleapis.com/google.firestore.admin.v1.LocationMetadata"},"locationId":"europe-west1","displayName":"Belgium"},{"name":"projects/carona-app-4e8f6/locations/europe-west10","labels":{"cloud.googleapis.com/location":"europe-west10","cloud.googleapis.com/region":"europe-west10"},"metadata":{"@type":"type.googleapis.com/google.firestore.admin.v1.LocationMetadata"},"locationId":"europe-west10","displayName":"Berlin"},{"name":"projects/carona-app-4e8f6/locations/europe-west12","labels":{"cloud.googleapis.com/location":"europe-west12","cloud.googleapis.com/region":"europe-west12"},"metadata":{"@type":"type.googleapis.com/google.firestore.admin.v1.LocationMetadata"},"locationId":"europe-west12","displayName":"Turin"},{"name":"projects/carona-app-4e8f6/locations/europe-west2","labels":{"appengine.googleapis.com/region":"europe-west2","cloud.googleapis.com/location":"europe-west2","cloud.googleapis.com/region":"europe-west2"},"metadata":{"@type":"type.googleapis.com/google.firestore.admin.v1.LocationMetadata"},"locationId":"europe-west2","displayName":"London"},{"name":"projects/carona-app-4e8f6/locations/europe-west3","labels":{"appengine.googleapis.com/region":"europe-west3","cloud.googleapis.com/location":"europe-west3","cloud.googleapis.com/region":"europe-west3"},"metadata":{"@type":"type.googleapis.com/google.firestore.admin.v1.LocationMetadata"},"locationId":"europe-west3","displayName":"Frankfurt"},{"name":"projects/carona-app-4e8f6/locations/europe-west4","labels":{"cloud.googleapis.com/location":"europe-west4","cloud.googleapis.com/region":"europe-west4"},"metadata":{"@type":"type.googleapis.com/google.firestore.admin.v1.LocationMetadata"},"locationId":"europe-west4","displayName":"Netherlands"},{"name":"projects/carona-app-4e8f6/locations/europe-west6","labels":{"appengine.googleapis.com/region":"europe-west6","cloud.googleapis.com/location":"europe-west6","cloud.googleapis.com/region":"europe-west6"},"metadata":{"@type":"type.googleapis.com/google.firestore.admin.v1.LocationMetadata"},"locationId":"europe-west6","displayName":"Zurich"},{"name":"projects/carona-app-4e8f6/locations/europe-west8","labels":{"cloud.googleapis.com/location":"europe-west8","cloud.googleapis.com/region":"europe-west8"},"metadata":{"@type":"type.googleapis.com/google.firestore.admin.v1.LocationMetadata"},"locationId":"europe-west8","displayName":"Milan"},{"name":"projects/carona-app-4e8f6/locations/europe-west9","labels":{"cloud.googleapis.com/location":"europe-west9","cloud.googleapis.com/region":"europe-west9"},"metadata":{"@type":"type.googleapis.com/google.firestore.admin.v1.LocationMetadata"},"locationId":"europe-west9","displayName":"Paris"},{"name":"projects/carona-app-4e8f6/locations/me-central1","labels":{"cloud.googleapis.com/location":"me-central1","cloud.googleapis.com/region":"me-central1"},"metadata":{"@type":"type.googleapis.com/google.firestore.admin.v1.LocationMetadata"},"locationId":"me-central1","displayName":"Doha"},{"name":"projects/carona-app-4e8f6/locations/me-central2","labels":{"cloud.googleapis.com/location":"me-central2","cloud.googleapis.com/region":"me-central2"},"metadata":{"@type":"type.googleapis.com/google.firestore.admin.v1.LocationMetadata"},"locationId":"me-central2","displayName":"Dammam"},{"name":"projects/carona-app-4e8f6/locations/me-west1","labels":{"cloud.googleapis.com/location":"me-west1","cloud.googleapis.com/region":"me-west1"},"metadata":{"@type":"type.googleapis.com/google.firestore.admin.v1.LocationMetadata"},"locationId":"me-west1","displayName":"Tel Aviv"},{"name":"projects/carona-app-4e8f6/locations/northamerica-northeast1","labels":{"appengine.googleapis.com/region":"northamerica-northeast1","cloud.googleapis.com/location":"northamerica-northeast1","cloud.googleapis.com/region":"northamerica-northeast1"},"metadata":{"@type":"type.googleapis.com/google.firestore.admin.v1.LocationMetadata"},"locationId":"northamerica-northeast1","displayName":"Montréal"},{"name":"projects/carona-app-4e8f6/locations/northamerica-northeast2","labels":{"cloud.googleapis.com/location":"northamerica-northeast2","cloud.googleapis.com/region":"northamerica-northeast2"},"metadata":{"@type":"type.googleapis.com/google.firestore.admin.v1.LocationMetadata"},"locationId":"northamerica-northeast2","displayName":"Toronto"},{"name":"projects/carona-app-4e8f6/locations/northamerica-south1","labels":{"cloud.googleapis.com/location":"northamerica-south1","cloud.googleapis.com/region":"northamerica-south1"},"metadata":{"@type":"type.googleapis.com/google.firestore.admin.v1.LocationMetadata"},"locationId":"northamerica-south1","displayName":"Mexico"},{"name":"projects/carona-app-4e8f6/locations/southamerica-east1","labels":{"appengine.googleapis.com/region":"southamerica-east1","cloud.googleapis.com/location":"southamerica-east1","cloud.googleapis.com/region":"southamerica-east1"},"metadata":{"@type":"type.googleapis.com/google.firestore.admin.v1.LocationMetadata"},"locationId":"southamerica-east1","displayName":"São Paulo"},{"name":"projects/carona-app-4e8f6/locations/southamerica-west1","labels":{"cloud.googleapis.com/location":"southamerica-west1","cloud.googleapis.com/region":"southamerica-west1"},"metadata":{"@type":"type.googleapis.com/google.firestore.admin.v1.LocationMetadata"},"locationId":"southamerica-west1","displayName":"Santiago"},{"name":"projects/carona-app-4e8f6/locations/us-central1","labels":{"cloud.googleapis.com/location":"us-central1","cloud.googleapis.com/region":"us-central1"},"metadata":{"@type":"type.googleapis.com/google.firestore.admin.v1.LocationMetadata"},"locationId":"us-central1","displayName":"Iowa"},{"name":"projects/carona-app-4e8f6/locations/us-east1","labels":{"appengine.googleapis.com/region":"us-east1","cloud.googleapis.com/location":"us-east1","cloud.googleapis.com/region":"us-east1"},"metadata":{"@type":"type.googleapis.com/google.firestore.admin.v1.LocationMetadata"},"locationId":"us-east1","displayName":"South Carolina"},{"name":"projects/carona-app-4e8f6/locations/us-east4","labels":{"appengine.googleapis.com/region":"us-east4","cloud.googleapis.com/location":"us-east4","cloud.googleapis.com/region":"us-east4"},"metadata":{"@type":"type.googleapis.com/google.firestore.admin.v1.LocationMetadata"},"locationId":"us-east4","displayName":"Northern Virginia"},{"name":"projects/carona-app-4e8f6/locations/us-east5","labels":{"cloud.googleapis.com/location":"us-east5","cloud.googleapis.com/region":"us-east5"},"metadata":{"@type":"type.googleapis.com/google.firestore.admin.v1.LocationMetadata"},"locationId":"us-east5","displayName":"Columbus"},{"name":"projects/carona-app-4e8f6/locations/us-south1","labels":{"cloud.googleapis.com/location":"us-south1","cloud.googleapis.com/region":"us-south1"},"metadata":{"@type":"type.googleapis.com/google.firestore.admin.v1.LocationMetadata"},"locationId":"us-south1","displayName":"Dallas"},{"name":"projects/carona-app-4e8f6/locations/us-west1","labels":{"appengine.googleapis.com/region":"us-west1","cloud.googleapis.com/location":"us-west1","cloud.googleapis.com/region":"us-west1"},"metadata":{"@type":"type.googleapis.com/google.firestore.admin.v1.LocationMetadata"},"locationId":"us-west1","displayName":"Oregon"},{"name":"projects/carona-app-4e8f6/locations/us-west2","labels":{"appengine.googleapis.com/region":"us-west2","cloud.googleapis.com/location":"us-west2","cloud.googleapis.com/region":"us-west2"},"metadata":{"@type":"type.googleapis.com/google.firestore.admin.v1.LocationMetadata"},"locationId":"us-west2","displayName":"Los Angeles"},{"name":"projects/carona-app-4e8f6/locations/us-west3","labels":{"appengine.googleapis.com/region":"us-west3","cloud.googleapis.com/location":"us-west3","cloud.googleapis.com/region":"us-west3"},"metadata":{"@type":"type.googleapis.com/google.firestore.admin.v1.LocationMetadata"},"locationId":"us-west3","displayName":"Salt Lake City"},{"name":"projects/carona-app-4e8f6/locations/us-west4","labels":{"appengine.googleapis.com/region":"us-west4","cloud.googleapis.com/location":"us-west4","cloud.googleapis.com/region":"us-west4"},"metadata":{"@type":"type.googleapis.com/google.firestore.admin.v1.LocationMetadata"},"locationId":"us-west4","displayName":"Las Vegas"}]}
[info] 
[info] Firestore Security Rules allow you to define how and when to allow
[info] requests. You can keep these rules in your project directory
[info] and publish them with firebase deploy.
[info] 
[debug] [2026-07-09T17:13:51.393Z] Checked if tokens are valid: true, expires at: 1783620460943
[debug] [2026-07-09T17:13:51.393Z] Checked if tokens are valid: true, expires at: 1783620460943
[debug] [2026-07-09T17:13:51.393Z] >>> [apiv2][query] GET https://firebaserules.googleapis.com/v1/projects/carona-app-4e8f6/releases pageSize=10&pageToken=
[debug] [2026-07-09T17:13:52.767Z] <<< [apiv2][status] GET https://firebaserules.googleapis.com/v1/projects/carona-app-4e8f6/releases 200
[debug] [2026-07-09T17:13:52.767Z] <<< [apiv2][body] GET https://firebaserules.googleapis.com/v1/projects/carona-app-4e8f6/releases {}
[info] 
[info] Firestore indexes allow you to perform complex queries while
[info] maintaining performance that scales with the size of the result
[info] set. You can keep index definitions in your project directory
[info] and publish them with firebase deploy.
[info] 
[debug] [2026-07-09T17:13:55.468Z] Checked if tokens are valid: true, expires at: 1783620460943
[debug] [2026-07-09T17:13:55.468Z] Checked if tokens are valid: true, expires at: 1783620460943
[debug] [2026-07-09T17:13:55.468Z] Checked if tokens are valid: true, expires at: 1783620460943
[debug] [2026-07-09T17:13:55.468Z] Checked if tokens are valid: true, expires at: 1783620460943
[debug] [2026-07-09T17:13:55.469Z] >>> [apiv2][query] GET https://firestore.googleapis.com/v1/projects/carona-app-4e8f6/databases/(default)/collectionGroups/-/indexes [none]
[debug] [2026-07-09T17:13:55.470Z] >>> [apiv2][query] GET https://firestore.googleapis.com/v1/projects/carona-app-4e8f6/databases/(default)/collectionGroups/-/fields?filter=indexConfig.usesAncestorConfig=false OR ttlConfig:* [none]
[debug] [2026-07-09T17:13:56.238Z] <<< [apiv2][status] GET https://firestore.googleapis.com/v1/projects/carona-app-4e8f6/databases/(default)/collectionGroups/-/indexes 404
[debug] [2026-07-09T17:13:56.238Z] <<< [apiv2][body] GET https://firestore.googleapis.com/v1/projects/carona-app-4e8f6/databases/(default)/collectionGroups/-/indexes {"error":{"code":404,"message":"Project 'carona-app-4e8f6' or database '(default)' does not exist.","status":"NOT_FOUND"}}
[info] ✔  Wrote firestore.rules 
[info] ✔  Wrote firestore.indexes.json 
[info] 
=== Hosting Setup
[debug] [2026-07-09T17:13:58.194Z] <<< [apiv2][status] GET https://firestore.googleapis.com/v1/projects/carona-app-4e8f6/databases/(default)/collectionGroups/-/fields?filter=indexConfig.usesAncestorConfig=false OR ttlConfig:* 404
[debug] [2026-07-09T17:13:58.194Z] <<< [apiv2][body] GET https://firestore.googleapis.com/v1/projects/carona-app-4e8f6/databases/(default)/collectionGroups/-/fields?filter=indexConfig.usesAncestorConfig=false OR ttlConfig:* {"error":{"code":404,"message":"Project 'carona-app-4e8f6' or database '(default)' does not exist.","status":"NOT_FOUND"}}
[debug] [2026-07-09T17:14:07.343Z] Checked if tokens are valid: true, expires at: 1783620460943
[debug] [2026-07-09T17:14:07.343Z] Checked if tokens are valid: true, expires at: 1783620460943
[debug] [2026-07-09T17:14:07.343Z] >>> [apiv2][query] GET https://firebase.googleapis.com/v1beta1/projects/carona-app-4e8f6 [none]
[debug] [2026-07-09T17:14:07.860Z] <<< [apiv2][status] GET https://firebase.googleapis.com/v1beta1/projects/carona-app-4e8f6 200
[debug] [2026-07-09T17:14:07.860Z] <<< [apiv2][body] GET https://firebase.googleapis.com/v1beta1/projects/carona-app-4e8f6 {"projectId":"carona-app-4e8f6","projectNumber":"824734974401","displayName":"carona-app","name":"projects/carona-app-4e8f6","resources":{"hostingSite":"carona-app-4e8f6"},"state":"ACTIVE","labels":{"firebase":"enabled"},"etag":"1_261ca231-de00-4347-a7ce-68fc295fb741"}
[info] 
[info] Your public directory is the folder (relative to your project directory) that
[info] will contain Hosting assets to be uploaded with firebase deploy. If you
[info] have a build process for your assets, use your build's output directory.
[info] 
[info] 
[info] i  Detected a .git folder at /home/lucas/dev/web/carona-app 
[info] i  Authorizing with GitHub to upload your service account to a GitHub repository's secrets store. 
[info] 
[info] Visit this URL on this device to log in:
[info] https://github.com/login/oauth/authorize?client_id=89cf50f02ac6aaed3484&state=485212946&redirect_uri=http%3A%2F%2Flocalhost%3A9005&scope=read%3Auser%20repo%20public_repo
[info] 
[info] Waiting for authentication...
[debug] [2026-07-09T17:15:43.507Z] >>> [apiv2][query] POST https://github.com/login/oauth/access_token [none]
[debug] [2026-07-09T17:15:43.507Z] >>> [apiv2][body] POST https://github.com/login/oauth/access_token [stream]
[debug] [2026-07-09T17:15:44.113Z] <<< [apiv2][status] POST https://github.com/login/oauth/access_token 200
[debug] [2026-07-09T17:15:44.113Z] <<< [apiv2][body] POST https://github.com/login/oauth/access_token {"access_token":"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","token_type":"bearer","scope":"read:user,repo"}
[debug] [2026-07-09T17:15:44.115Z] >>> [apiv2][query] GET https://api.github.com/user [none]
[debug] [2026-07-09T17:15:44.452Z] <<< [apiv2][status] GET https://api.github.com/user 200
[debug] [2026-07-09T17:15:44.452Z] <<< [apiv2][body] GET https://api.github.com/user {"login":"Kyamel","id":129009324,"node_id":"U_kgDOB7CGrA","avatar_url":"https://avatars.githubusercontent.com/u/129009324?v=4","gravatar_id":"","url":"https://api.github.com/users/Kyamel","html_url":"https://github.com/Kyamel","followers_url":"https://api.github.com/users/Kyamel/followers","following_url":"https://api.github.com/users/Kyamel/following{/other_user}","gists_url":"https://api.github.com/users/Kyamel/gists{/gist_id}","starred_url":"https://api.github.com/users/Kyamel/starred{/owner}{/repo}","subscriptions_url":"https://api.github.com/users/Kyamel/subscriptions","organizations_url":"https://api.github.com/users/Kyamel/orgs","repos_url":"https://api.github.com/users/Kyamel/repos","events_url":"https://api.github.com/users/Kyamel/events{/privacy}","received_events_url":"https://api.github.com/users/Kyamel/received_events","type":"User","user_view_type":"private","site_admin":false,"name":"LucasCamelo","company":null,"blog":"","location":null,"email":null,"hireable":true,"bio":"Student of Computational Engineering at UFOP - Brazil","twitter_username":null,"notification_email":null,"public_repos":40,"public_gists":0,"followers":8,"following":5,"created_at":"2023-03-26T21:24:11Z","updated_at":"2026-06-29T17:23:55Z","private_gists":1,"total_private_repos":17,"owned_private_repos":16,"disk_usage":702756,"collaborators":5,"two_factor_authentication":false,"plan":{"name":"free","space":976562499,"collaborators":0,"private_repos":10000}}
[info] 
[info] ✔  Success! Logged into GitHub as Kyamel 
[info] 
[debug] [2026-07-09T17:16:14.609Z] >>> [apiv2][query] GET https://api.github.com/repos/kyamel/carona-app/actions/secrets/public-key type=owner
[debug] [2026-07-09T17:16:14.867Z] <<< [apiv2][status] GET https://api.github.com/repos/kyamel/carona-app/actions/secrets/public-key 404
[debug] [2026-07-09T17:16:14.868Z] <<< [apiv2][body] GET https://api.github.com/repos/kyamel/carona-app/actions/secrets/public-key {"message":"Not Found","documentation_url":"https://docs.github.com/rest/actions/secrets#get-a-repository-public-key","status":"404"}
[info] 
[info] 
[error] ⚠  The provided authorization cannot be used with this repository. If this repository is in an organization, did you remember to grant access? 
[info] 
[info] i  Action required: Visit this URL to ensure access has been granted to the appropriate organization(s) for the Firebase CLI GitHub OAuth App: 
[info] https://github.com/settings/connections/applications/89cf50f02ac6aaed3484
[info] 
